<?xml version="1.0" encoding="UTF-8"?>
<!-- Generated by org.testng.reporters.JUnitReportReporter -->
<testsuite hostname="DESKTOP-2D35UU5" failures="0" tests="3" name="demo.TestNGDependencyDemo" time="0.016" errors="0" timestamp="11 May 2020 16:59:44 GMT" skipped="0">
  <testcase classname="demo.TestNGDependencyDemo" name="test2" time="0.012"/>
  <testcase classname="demo.TestNGDependencyDemo" name="test3" time="0.002"/>
  <testcase classname="demo.TestNGDependencyDemo" name="test1" time="0.002"/>
</testsuite> <!-- demo.TestNGDependencyDemo -->
