<?xml version="1.0" encoding="UTF-8"?>
<!-- Generated by org.testng.reporters.JUnitReportReporter -->
<testsuite hostname="DESKTOP-2D35UU5" failures="0" tests="1" name="demo.Test1" time="3.650" errors="0" timestamp="14 May 2020 21:56:05 GMT" skipped="0">
  <testcase classname="demo.Test1" name="testOrangeHRM" time="3.650"/>
</testsuite> <!-- demo.Test1 -->
