<?xml version="1.0" encoding="UTF-8"?>
<!-- Generated by org.testng.reporters.JUnitReportReporter -->
<testsuite hostname="DESKTOP-2D35UU5" failures="0" tests="1" name="test.TestNG_Demo2" time="6.423" errors="0" timestamp="01 May 2020 03:24:23 GMT" skipped="0">
  <testcase classname="test.TestNG_Demo2" name="googleSearch3" time="6.423"/>
</testsuite> <!-- test.TestNG_Demo2 -->
