<?xml version="1.0" encoding="UTF-8"?>
<!-- Generated by org.testng.reporters.JUnitReportReporter -->
<testsuite hostname="DESKTOP-2D35UU5" failures="0" tests="1" name="demo.TestNGParametersDemo" time="0.012" errors="0" timestamp="11 May 2020 19:42:28 GMT" skipped="0">
  <testcase classname="demo.TestNGParametersDemo" name="test" time="0.012"/>
</testsuite> <!-- demo.TestNGParametersDemo -->
