<?xml version="1.0" encoding="UTF-8"?>
<!-- Generated by org.testng.reporters.JUnitReportReporter -->
<testsuite hostname="DESKTOP-2D35UU5" failures="0" tests="3" name="demo.TestNGPriorityDemo" time="0.012" errors="0" timestamp="05 May 2020 16:31:01 GMT" skipped="0">
  <testcase classname="demo.TestNGPriorityDemo" name="one" time="0.010"/>
  <testcase classname="demo.TestNGPriorityDemo" name="two" time="0.001"/>
  <testcase classname="demo.TestNGPriorityDemo" name="three" time="0.001"/>
</testsuite> <!-- demo.TestNGPriorityDemo -->
