<?xml version="1.0" encoding="UTF-8"?>
<!-- Generated by org.testng.reporters.JUnitReportReporter -->
<testsuite hostname="DESKTOP-2D35UU5" failures="0" tests="2" name="test.ExtentReportsDemoWithTestNG" time="2.002" errors="0" timestamp="07 Apr 2020 23:21:37 GMT" skipped="0">
  <testcase classname="test.ExtentReportsDemoWithTestNG" name="test2" time="0.004"/>
  <testcase classname="test.ExtentReportsDemoWithTestNG" name="test1" time="1.998"/>
</testsuite> <!-- test.ExtentReportsDemoWithTestNG -->
