<?xml version="1.0" encoding="UTF-8"?>
<!-- Generated by org.testng.reporters.JUnitReportReporter -->
<testsuite hostname="DESKTOP-2D35UU5" failures="0" tests="3" name="demo.TestNGMultiBrowserDemo" time="54.053" errors="0" timestamp="05 May 2020 20:21:13 GMT" skipped="0">
  <testcase classname="demo.TestNGMultiBrowserDemo" name="test1" time="7.574"/>
  <testcase classname="demo.TestNGMultiBrowserDemo" name="test1" time="7.074"/>
  <testcase classname="demo.TestNGMultiBrowserDemo" name="test1" time="39.405"/>
</testsuite> <!-- demo.TestNGMultiBrowserDemo -->
