<?xml version="1.0" encoding="UTF-8"?>
<!-- Generated by org.testng.reporters.JUnitReportReporter -->
<testsuite hostname="DESKTOP-2D35UU5" failures="0" tests="2" name="demo.TestNGIgnoreDemo" time="0.013" errors="0" timestamp="11 May 2020 19:03:04 GMT" skipped="1">
  <testcase classname="demo.TestNGIgnoreDemo" name="test2" time="0.013"/>
  <testcase classname="demo.TestNGIgnoreDemo" name="test1">
    <skipped/>
  </testcase> <!-- test1 -->
</testsuite> <!-- demo.TestNGIgnoreDemo -->
