<?xml version="1.0" encoding="UTF-8"?>
<!-- Generated by org.testng.reporters.JUnitReportReporter -->
<testsuite hostname="DESKTOP-2D35UU5" failures="0" tests="3" name="utils.ExcelDataProvider" time="12.511" errors="0" timestamp="24 Apr 2020 22:02:43 GMT" skipped="0">
  <testcase classname="utils.ExcelDataProvider" name="test1" time="5.024"/>
  <testcase classname="utils.ExcelDataProvider" name="test1" time="3.404"/>
  <testcase classname="utils.ExcelDataProvider" name="test1" time="4.083"/>
</testsuite> <!-- utils.ExcelDataProvider -->
