<?xml version="1.0" encoding="UTF-8"?>
<!-- Generated by org.testng.reporters.JUnitReportReporter -->
<testsuite hostname="DESKTOP-2D35UU5" failures="0" tests="4" name="demo.TestNGGroupsDemo" time="0.031" errors="0" timestamp="11 May 2020 16:39:41 GMT" skipped="0">
  <testcase classname="demo.TestNGGroupsDemo" name="test2" time="0.002"/>
  <testcase classname="demo.TestNGGroupsDemo" name="test3" time="0.002"/>
  <testcase classname="demo.TestNGGroupsDemo" name="test1" time="0.022"/>
  <testcase classname="demo.TestNGGroupsDemo" name="test4" time="0.005"/>
</testsuite> <!-- demo.TestNGGroupsDemo -->
