<?xml version="1.0" encoding="UTF-8"?>
<!-- Generated by org.testng.reporters.JUnitReportReporter -->
<testsuite hostname="DESKTOP-2D35UU5" failures="0" tests="3" name="listeners.TestNGListenerDemo2" time="0.015" errors="0" timestamp="01 May 2020 13:41:39 GMT" skipped="1">
  <testcase classname="listeners.TestNGListenerDemo2" name="test4" time="0.002"/>
  <testcase classname="listeners.TestNGListenerDemo2" name="test5" time="0.001"/>
  <testcase classname="listeners.TestNGListenerDemo2" name="test6" time="0.012">
    <skipped/>
  </testcase> <!-- test6 -->
</testsuite> <!-- listeners.TestNGListenerDemo2 -->
