<?xml version="1.0" encoding="UTF-8"?>
<!-- Generated by org.testng.reporters.JUnitReportReporter -->
<testsuite hostname="DESKTOP-2D35UU5" failures="0" tests="5" name="demo.TestNGParallelTestingDemo" time="0.048" errors="0" timestamp="05 May 2020 23:19:32 GMT" skipped="0">
  <testcase classname="demo.TestNGParallelTestingDemo" name="test1" time="0.018"/>
  <testcase classname="demo.TestNGParallelTestingDemo" name="test1" time="0.015"/>
  <testcase classname="demo.TestNGParallelTestingDemo" name="test3" time="0.000"/>
  <testcase classname="demo.TestNGParallelTestingDemo" name="test2" time="0.000"/>
  <testcase classname="demo.TestNGParallelTestingDemo" name="test1" time="0.015"/>
</testsuite> <!-- demo.TestNGParallelTestingDemo -->
